30-Jul-2022 17:27:44.827 INFORMATION [main] org.apache.catalina.core.ApplicationContext.log ContextListener: contextInitialized()
30-Jul-2022 17:27:44.827 INFORMATION [main] org.apache.catalina.core.ApplicationContext.log SessionListener: contextInitialized()
30-Jul-2022 17:27:44.827 INFORMATION [main] org.apache.catalina.core.ApplicationContext.log ContextListener: attributeAdded('StockTicker', 'async.Stockticker@2449cff7')
30-Jul-2022 17:27:45.108 SCHWERWIEGEND [main] org.apache.tomcat.util.descriptor.web.SecurityConstraint.findUncoveredHttpMethods For security constraints with URL pattern [/*] only the HTTP methods [HEAD CANCELUPLOAD MKCOL UNCHECKOUT CHECKIN CHECKOUT PROPFIND LOCK VERSION-CONTROL COPY REPORT PUT DELETE GETLIB MOVE GET UPDATE PROPPATCH UNLOCK] are covered. All other methods are uncovered.
30-Jul-2022 17:29:21.127 INFORMATION [Thread-2] org.apache.catalina.core.ApplicationContext.log SessionListener: contextDestroyed()
30-Jul-2022 17:29:21.127 INFORMATION [Thread-2] org.apache.catalina.core.ApplicationContext.log ContextListener: contextDestroyed()
30-Jul-2022 17:29:53.872 INFORMATION [main] org.apache.catalina.core.ApplicationContext.log ContextListener: contextInitialized()
30-Jul-2022 17:29:53.872 INFORMATION [main] org.apache.catalina.core.ApplicationContext.log SessionListener: contextInitialized()
30-Jul-2022 17:29:53.872 INFORMATION [main] org.apache.catalina.core.ApplicationContext.log ContextListener: attributeAdded('StockTicker', 'async.Stockticker@7646731d')
30-Jul-2022 17:29:54.138 SCHWERWIEGEND [main] org.apache.tomcat.util.descriptor.web.SecurityConstraint.findUncoveredHttpMethods For security constraints with URL pattern [/*] only the HTTP methods [HEAD CANCELUPLOAD MKCOL UNCHECKOUT CHECKIN CHECKOUT PROPFIND LOCK VERSION-CONTROL COPY REPORT PUT DELETE GETLIB MOVE GET UPDATE PROPPATCH UNLOCK] are covered. All other methods are uncovered.
30-Jul-2022 17:51:08.807 INFORMATION [main] org.apache.catalina.core.ApplicationContext.log ContextListener: contextInitialized()
30-Jul-2022 17:51:08.807 INFORMATION [main] org.apache.catalina.core.ApplicationContext.log SessionListener: contextInitialized()
30-Jul-2022 17:51:08.807 INFORMATION [main] org.apache.catalina.core.ApplicationContext.log ContextListener: attributeAdded('StockTicker', 'async.Stockticker@120f38e6')
30-Jul-2022 17:51:09.010 SCHWERWIEGEND [main] org.apache.tomcat.util.descriptor.web.SecurityConstraint.findUncoveredHttpMethods For security constraints with URL pattern [/*] only the HTTP methods [HEAD CANCELUPLOAD MKCOL UNCHECKOUT CHECKIN CHECKOUT PROPFIND LOCK VERSION-CONTROL COPY REPORT PUT DELETE GETLIB MOVE GET UPDATE PROPPATCH UNLOCK] are covered. All other methods are uncovered.
30-Jul-2022 17:53:19.322 SCHWERWIEGEND [Catalina-utility-2] org.apache.tomcat.util.descriptor.web.SecurityConstraint.findUncoveredHttpMethods For security constraints with URL pattern [/*] only the HTTP methods [HEAD CANCELUPLOAD MKCOL UNCHECKOUT CHECKIN CHECKOUT PROPFIND LOCK VERSION-CONTROL COPY REPORT PUT DELETE GETLIB MOVE GET UPDATE PROPPATCH UNLOCK] are covered. All other methods are uncovered.
30-Jul-2022 17:53:20.528 INFORMATION [Thread-3] org.apache.catalina.core.ApplicationContext.log SessionListener: contextDestroyed()
30-Jul-2022 17:53:20.528 INFORMATION [Thread-3] org.apache.catalina.core.ApplicationContext.log ContextListener: contextDestroyed()
30-Jul-2022 17:53:25.430 INFORMATION [main] org.apache.catalina.core.ApplicationContext.log ContextListener: contextInitialized()
30-Jul-2022 17:53:25.430 INFORMATION [main] org.apache.catalina.core.ApplicationContext.log SessionListener: contextInitialized()
30-Jul-2022 17:53:25.430 INFORMATION [main] org.apache.catalina.core.ApplicationContext.log ContextListener: attributeAdded('StockTicker', 'async.Stockticker@2449cff7')
30-Jul-2022 17:53:25.633 SCHWERWIEGEND [main] org.apache.tomcat.util.descriptor.web.SecurityConstraint.findUncoveredHttpMethods For security constraints with URL pattern [/*] only the HTTP methods [HEAD CANCELUPLOAD MKCOL UNCHECKOUT CHECKIN CHECKOUT PROPFIND LOCK VERSION-CONTROL COPY REPORT PUT DELETE GETLIB MOVE GET UPDATE PROPPATCH UNLOCK] are covered. All other methods are uncovered.
