05-Oct-2022 00:00:25.455 INFORMATION [main] org.apache.catalina.core.ApplicationContext.log ContextListener: contextInitialized()
05-Oct-2022 00:00:25.455 INFORMATION [main] org.apache.catalina.core.ApplicationContext.log SessionListener: contextInitialized()
05-Oct-2022 00:00:25.470 INFORMATION [main] org.apache.catalina.core.ApplicationContext.log ContextListener: attributeAdded('StockTicker', 'async.Stockticker@d1a10ac')
05-Oct-2022 00:05:01.765 INFORMATION [Thread-3] org.apache.catalina.core.ApplicationContext.log SessionListener: contextDestroyed()
05-Oct-2022 00:05:01.765 INFORMATION [Thread-3] org.apache.catalina.core.ApplicationContext.log ContextListener: contextDestroyed()
05-Oct-2022 00:05:09.082 INFORMATION [main] org.apache.catalina.core.ApplicationContext.log ContextListener: contextInitialized()
05-Oct-2022 00:05:09.082 INFORMATION [main] org.apache.catalina.core.ApplicationContext.log SessionListener: contextInitialized()
05-Oct-2022 00:05:09.082 INFORMATION [main] org.apache.catalina.core.ApplicationContext.log ContextListener: attributeAdded('StockTicker', 'async.Stockticker@12db3386')
05-Oct-2022 00:05:39.736 INFORMATION [Thread-3] org.apache.catalina.core.ApplicationContext.log SessionListener: contextDestroyed()
05-Oct-2022 00:05:39.736 INFORMATION [Thread-3] org.apache.catalina.core.ApplicationContext.log ContextListener: contextDestroyed()
05-Oct-2022 00:11:16.267 INFORMATION [main] org.apache.catalina.core.ApplicationContext.log ContextListener: contextInitialized()
05-Oct-2022 00:11:16.267 INFORMATION [main] org.apache.catalina.core.ApplicationContext.log SessionListener: contextInitialized()
05-Oct-2022 00:11:16.267 INFORMATION [main] org.apache.catalina.core.ApplicationContext.log ContextListener: attributeAdded('StockTicker', 'async.Stockticker@982bb90')
05-Oct-2022 00:11:35.995 INFORMATION [Thread-4] org.apache.catalina.core.ApplicationContext.log SessionListener: contextDestroyed()
05-Oct-2022 00:11:35.995 INFORMATION [Thread-4] org.apache.catalina.core.ApplicationContext.log ContextListener: contextDestroyed()
05-Oct-2022 00:15:29.585 INFORMATION [main] org.apache.catalina.core.ApplicationContext.log ContextListener: contextInitialized()
05-Oct-2022 00:15:29.585 INFORMATION [main] org.apache.catalina.core.ApplicationContext.log SessionListener: contextInitialized()
05-Oct-2022 00:15:29.601 INFORMATION [main] org.apache.catalina.core.ApplicationContext.log ContextListener: attributeAdded('StockTicker', 'async.Stockticker@7e46d648')
05-Oct-2022 22:19:13.499 INFORMATION [Thread-3] org.apache.catalina.core.ApplicationContext.log SessionListener: contextDestroyed()
05-Oct-2022 22:19:13.499 INFORMATION [Thread-3] org.apache.catalina.core.ApplicationContext.log ContextListener: contextDestroyed()
05-Oct-2022 22:20:39.415 INFORMATION [main] org.apache.catalina.core.ApplicationContext.log ContextListener: contextInitialized()
05-Oct-2022 22:20:39.415 INFORMATION [main] org.apache.catalina.core.ApplicationContext.log SessionListener: contextInitialized()
05-Oct-2022 22:20:39.415 INFORMATION [main] org.apache.catalina.core.ApplicationContext.log ContextListener: attributeAdded('StockTicker', 'async.Stockticker@7e46d648')
05-Oct-2022 22:22:15.080 INFORMATION [Thread-3] org.apache.catalina.core.ApplicationContext.log SessionListener: contextDestroyed()
05-Oct-2022 22:22:15.080 INFORMATION [Thread-3] org.apache.catalina.core.ApplicationContext.log ContextListener: contextDestroyed()
05-Oct-2022 22:22:31.416 INFORMATION [main] org.apache.catalina.core.ApplicationContext.log ContextListener: contextInitialized()
05-Oct-2022 22:22:31.416 INFORMATION [main] org.apache.catalina.core.ApplicationContext.log SessionListener: contextInitialized()
05-Oct-2022 22:22:31.432 INFORMATION [main] org.apache.catalina.core.ApplicationContext.log ContextListener: attributeAdded('StockTicker', 'async.Stockticker@30404dba')
05-Oct-2022 22:43:44.029 INFORMATION [http-nio-6969-exec-28] org.apache.catalina.core.ApplicationContext.log Marking servlet [HelloServlet] as unavailable
05-Oct-2022 22:43:44.030 SCHWERWIEGEND [http-nio-6969-exec-28] org.apache.catalina.core.StandardWrapperValve.invoke Allocate exception for servlet [HelloServlet]
	java.lang.ClassNotFoundException: javax.servlet.http.HttpServlet
		at org.apache.catalina.loader.WebappClassLoaderBase.loadClass(WebappClassLoaderBase.java:1444)
		at org.apache.catalina.loader.WebappClassLoaderBase.loadClass(WebappClassLoaderBase.java:1252)
		at java.base/java.lang.ClassLoader.defineClass1(Native Method)
		at java.base/java.lang.ClassLoader.defineClass(ClassLoader.java:1016)
		at java.base/java.security.SecureClassLoader.defineClass(SecureClassLoader.java:174)
		at org.apache.catalina.loader.WebappClassLoaderBase.findClassInternal(WebappClassLoaderBase.java:2516)
		at org.apache.catalina.loader.WebappClassLoaderBase.findClass(WebappClassLoaderBase.java:872)
		at org.apache.catalina.loader.WebappClassLoaderBase.loadClass(WebappClassLoaderBase.java:1408)
		at org.apache.catalina.loader.WebappClassLoaderBase.loadClass(WebappClassLoaderBase.java:1252)
		at org.apache.catalina.core.DefaultInstanceManager.loadClass(DefaultInstanceManager.java:535)
		at org.apache.catalina.core.DefaultInstanceManager.loadClassMaybePrivileged(DefaultInstanceManager.java:516)
		at org.apache.catalina.core.DefaultInstanceManager.newInstance(DefaultInstanceManager.java:150)
		at org.apache.catalina.core.StandardWrapper.loadServlet(StandardWrapper.java:1071)
		at org.apache.catalina.core.StandardWrapper.allocate(StandardWrapper.java:789)
		at org.apache.catalina.core.StandardWrapperValve.invoke(StandardWrapperValve.java:128)
		at org.apache.catalina.core.StandardContextValve.invoke(StandardContextValve.java:97)
		at org.apache.catalina.authenticator.AuthenticatorBase.invoke(AuthenticatorBase.java:541)
		at org.apache.catalina.core.StandardHostValve.invoke(StandardHostValve.java:119)
		at org.apache.catalina.valves.ErrorReportValve.invoke(ErrorReportValve.java:92)
		at org.apache.catalina.valves.AbstractAccessLogValve.invoke(AbstractAccessLogValve.java:690)
		at org.apache.catalina.core.StandardEngineValve.invoke(StandardEngineValve.java:78)
		at org.apache.catalina.connector.CoyoteAdapter.service(CoyoteAdapter.java:355)
		at org.apache.coyote.http11.Http11Processor.service(Http11Processor.java:399)
		at org.apache.coyote.AbstractProcessorLight.process(AbstractProcessorLight.java:65)
		at org.apache.coyote.AbstractProtocol$ConnectionHandler.process(AbstractProtocol.java:866)
		at org.apache.tomcat.util.net.NioEndpoint$SocketProcessor.doRun(NioEndpoint.java:1708)
		at org.apache.tomcat.util.net.SocketProcessorBase.run(SocketProcessorBase.java:49)
		at org.apache.tomcat.util.threads.ThreadPoolExecutor.runWorker(ThreadPoolExecutor.java:1191)
		at org.apache.tomcat.util.threads.ThreadPoolExecutor$Worker.run(ThreadPoolExecutor.java:659)
		at org.apache.tomcat.util.threads.TaskThread$WrappingRunnable.run(TaskThread.java:61)
		at java.base/java.lang.Thread.run(Thread.java:834)
05-Oct-2022 22:46:02.586 INFORMATION [Thread-3] org.apache.catalina.core.ApplicationContext.log SessionListener: contextDestroyed()
05-Oct-2022 22:46:02.586 INFORMATION [Thread-3] org.apache.catalina.core.ApplicationContext.log ContextListener: contextDestroyed()
05-Oct-2022 22:53:02.169 INFORMATION [main] org.apache.catalina.core.ApplicationContext.log ContextListener: contextInitialized()
05-Oct-2022 22:53:02.169 INFORMATION [main] org.apache.catalina.core.ApplicationContext.log SessionListener: contextInitialized()
05-Oct-2022 22:53:02.169 INFORMATION [main] org.apache.catalina.core.ApplicationContext.log ContextListener: attributeAdded('StockTicker', 'async.Stockticker@383f1975')
05-Oct-2022 22:55:20.871 INFORMATION [Thread-3] org.apache.catalina.core.ApplicationContext.log SessionListener: contextDestroyed()
05-Oct-2022 22:55:20.871 INFORMATION [Thread-3] org.apache.catalina.core.ApplicationContext.log ContextListener: contextDestroyed()
05-Oct-2022 23:01:57.652 INFORMATION [main] org.apache.catalina.core.ApplicationContext.log ContextListener: contextInitialized()
05-Oct-2022 23:01:57.652 INFORMATION [main] org.apache.catalina.core.ApplicationContext.log SessionListener: contextInitialized()
05-Oct-2022 23:01:57.652 INFORMATION [main] org.apache.catalina.core.ApplicationContext.log ContextListener: attributeAdded('StockTicker', 'async.Stockticker@441cc260')
05-Oct-2022 23:02:49.414 INFORMATION [Thread-3] org.apache.catalina.core.ApplicationContext.log SessionListener: contextDestroyed()
05-Oct-2022 23:02:49.414 INFORMATION [Thread-3] org.apache.catalina.core.ApplicationContext.log ContextListener: contextDestroyed()
05-Oct-2022 23:03:22.522 INFORMATION [main] org.apache.catalina.core.ApplicationContext.log ContextListener: contextInitialized()
05-Oct-2022 23:03:22.522 INFORMATION [main] org.apache.catalina.core.ApplicationContext.log SessionListener: contextInitialized()
05-Oct-2022 23:03:22.522 INFORMATION [main] org.apache.catalina.core.ApplicationContext.log ContextListener: attributeAdded('StockTicker', 'async.Stockticker@6b68cb27')
05-Oct-2022 23:44:17.064 INFORMATION [Thread-3] org.apache.catalina.core.ApplicationContext.log SessionListener: contextDestroyed()
05-Oct-2022 23:44:17.064 INFORMATION [Thread-3] org.apache.catalina.core.ApplicationContext.log ContextListener: contextDestroyed()
05-Oct-2022 23:44:27.800 INFORMATION [main] org.apache.catalina.core.ApplicationContext.log ContextListener: contextInitialized()
05-Oct-2022 23:44:27.800 INFORMATION [main] org.apache.catalina.core.ApplicationContext.log SessionListener: contextInitialized()
05-Oct-2022 23:44:27.802 INFORMATION [main] org.apache.catalina.core.ApplicationContext.log ContextListener: attributeAdded('StockTicker', 'async.Stockticker@682bd3c4')
05-Oct-2022 23:45:06.909 INFORMATION [Thread-3] org.apache.catalina.core.ApplicationContext.log SessionListener: contextDestroyed()
05-Oct-2022 23:45:06.909 INFORMATION [Thread-3] org.apache.catalina.core.ApplicationContext.log ContextListener: contextDestroyed()
05-Oct-2022 23:45:13.584 INFORMATION [main] org.apache.catalina.core.ApplicationContext.log ContextListener: contextInitialized()
05-Oct-2022 23:45:13.586 INFORMATION [main] org.apache.catalina.core.ApplicationContext.log SessionListener: contextInitialized()
05-Oct-2022 23:45:13.589 INFORMATION [main] org.apache.catalina.core.ApplicationContext.log ContextListener: attributeAdded('StockTicker', 'async.Stockticker@383f1975')
05-Oct-2022 23:45:57.864 INFORMATION [Thread-3] org.apache.catalina.core.ApplicationContext.log SessionListener: contextDestroyed()
05-Oct-2022 23:45:57.865 INFORMATION [Thread-3] org.apache.catalina.core.ApplicationContext.log ContextListener: contextDestroyed()
05-Oct-2022 23:46:05.165 INFORMATION [main] org.apache.catalina.core.ApplicationContext.log ContextListener: contextInitialized()
05-Oct-2022 23:46:05.166 INFORMATION [main] org.apache.catalina.core.ApplicationContext.log SessionListener: contextInitialized()
05-Oct-2022 23:46:05.168 INFORMATION [main] org.apache.catalina.core.ApplicationContext.log ContextListener: attributeAdded('StockTicker', 'async.Stockticker@383f1975')
