04-Oct-2022 23:14:18.292 INFORMATION [main] org.apache.catalina.core.ApplicationContext.log ContextListener: contextInitialized()
04-Oct-2022 23:14:18.292 INFORMATION [main] org.apache.catalina.core.ApplicationContext.log SessionListener: contextInitialized()
04-Oct-2022 23:14:18.292 INFORMATION [main] org.apache.catalina.core.ApplicationContext.log ContextListener: attributeAdded('StockTicker', 'async.Stockticker@32f61a31')
04-Oct-2022 23:32:33.329 INFORMATION [Thread-2] org.apache.catalina.core.ApplicationContext.log SessionListener: contextDestroyed()
04-Oct-2022 23:32:33.329 INFORMATION [Thread-2] org.apache.catalina.core.ApplicationContext.log ContextListener: contextDestroyed()
04-Oct-2022 23:32:52.405 INFORMATION [main] org.apache.catalina.core.ApplicationContext.log ContextListener: contextInitialized()
04-Oct-2022 23:32:52.405 INFORMATION [main] org.apache.catalina.core.ApplicationContext.log SessionListener: contextInitialized()
04-Oct-2022 23:32:52.405 INFORMATION [main] org.apache.catalina.core.ApplicationContext.log ContextListener: attributeAdded('StockTicker', 'async.Stockticker@7bdf6bb7')
04-Oct-2022 23:45:54.021 INFORMATION [Thread-2] org.apache.catalina.core.ApplicationContext.log SessionListener: contextDestroyed()
04-Oct-2022 23:45:54.021 INFORMATION [Thread-2] org.apache.catalina.core.ApplicationContext.log ContextListener: contextDestroyed()
04-Oct-2022 23:50:51.999 INFORMATION [main] org.apache.catalina.core.ApplicationContext.log ContextListener: contextInitialized()
04-Oct-2022 23:50:51.999 INFORMATION [main] org.apache.catalina.core.ApplicationContext.log SessionListener: contextInitialized()
04-Oct-2022 23:50:51.999 INFORMATION [main] org.apache.catalina.core.ApplicationContext.log ContextListener: attributeAdded('StockTicker', 'async.Stockticker@425d5d46')
04-Oct-2022 23:57:05.299 INFORMATION [Thread-3] org.apache.catalina.core.ApplicationContext.log SessionListener: contextDestroyed()
04-Oct-2022 23:57:05.299 INFORMATION [Thread-3] org.apache.catalina.core.ApplicationContext.log ContextListener: contextDestroyed()
04-Oct-2022 23:57:12.940 INFORMATION [main] org.apache.catalina.core.ApplicationContext.log ContextListener: contextInitialized()
04-Oct-2022 23:57:12.940 INFORMATION [main] org.apache.catalina.core.ApplicationContext.log SessionListener: contextInitialized()
04-Oct-2022 23:57:12.940 INFORMATION [main] org.apache.catalina.core.ApplicationContext.log ContextListener: attributeAdded('StockTicker', 'async.Stockticker@425d5d46')
04-Oct-2022 23:59:46.885 INFORMATION [Thread-3] org.apache.catalina.core.ApplicationContext.log SessionListener: contextDestroyed()
04-Oct-2022 23:59:46.885 INFORMATION [Thread-3] org.apache.catalina.core.ApplicationContext.log ContextListener: contextDestroyed()
